{"name": "test_login", "status": "broken", "statusDetails": {"message": "selenium.common.exceptions.NoSuchElementException: Message: no such element: Unable to locate element: {\"method\":\"xpath\",\"selector\":\"/html/body/div/div/div/div[1]/div[2]/div/div/div/div/div/div[2]/div[2]/div/div/div[2]/div[2]/div/div/div/div[5]/label/div/div[2]\"}\n  (Session info: chrome=122.0.6261.129); For documentation on this error, please visit: https://www.selenium.dev/documentation/webdriver/troubleshooting/errors#no-such-element-exception\nStacktrace:\n\tGetHandleVerifier [0x00007FF70311AD02+56930]\n\t(No symbol) [0x00007FF70308F602]\n\t(No symbol) [0x00007FF702F442E5]\n\t(No symbol) [0x00007FF702F898ED]\n\t(No symbol) [0x00007FF702F89A2C]\n\t(No symbol) [0x00007FF702FCA967]\n\t(No symbol) [0x00007FF702FABCDF]\n\t(No symbol) [0x00007FF702FC81E2]\n\t(No symbol) [0x00007FF702FABA43]\n\t(No symbol) [0x00007FF702F7D438]\n\t(No symbol) [0x00007FF702F7E4D1]\n\tGetHandleVerifier [0x00007FF703496F8D+3711213]\n\tGetHandleVerifier [0x00007FF7034F04CD+4077101]\n\tGetHandleVerifier [0x00007FF7034E865F+4044735]\n\tGetHandleVerifier [0x00007FF7031B9736+706710]\n\t(No symbol) [0x00007FF70309B8DF]\n\t(No symbol) [0x00007FF703096AC4]\n\t(No symbol) [0x00007FF703096C1C]\n\t(No symbol) [0x00007FF7030868D4]\n\tBaseThreadInitThunk [0x00007FFF15E4257D+29]\n\tRtlUserThreadStart [0x00007FFF16EEAA58+40]", "trace": "@allure.severity(allure.severity_level.NORMAL)\n    def test_login():\n        signinicon = driver.find_element(By.XPATH,'/html/body/div/div/div/div[2]/main/div/div/div[1]/div[1]/div/div[3]/div[5]/a/div')\n        signinicon.click()\n    \n        time.sleep(2)\n>       username = driver.find_element(By.XPATH,'/html/body/div/div/div/div[1]/div[2]/div/div/div/div/div/div[2]/div[2]/div/div/div[2]/div[2]/div/div/div/div[5]/label/div/div[2]')\n\nmain.py:26: \n_ _ _ _ _ _ _ _ _ _ _ _ _ _ _ _ _ _ _ _ _ _ _ _ _ _ _ _ _ _ _ _ _ _ _ _ _ _ _ _ _ _ _ _ _ _ _ _ _ _ _ _ _ _ _ _ _ _ _ _ _ _ _ _ _ _ _ _ _ _ _ _ _ _ _ _ _ _ _ _ _ _ _ _ _ _ _ _ _ _\n.venv\\lib\\site-packages\\selenium\\webdriver\\remote\\webdriver.py:741: in find_element\n    return self.execute(Command.FIND_ELEMENT, {\"using\": by, \"value\": value})[\"value\"]\n.venv\\lib\\site-packages\\selenium\\webdriver\\remote\\webdriver.py:347: in execute\n    self.error_handler.check_response(response)\n_ _ _ _ _ _ _ _ _ _ _ _ _ _ _ _ _ _ _ _ _ _ _ _ _ _ _ _ _ _ _ _ _ _ _ _ _ _ _ _ _ _ _ _ _ _ _ _ _ _ _ _ _ _ _ _ _ _ _ _ _ _ _ _ _ _ _ _ _ _ _ _ _ _ _ _ _ _ _ _ _ _ _ _ _ _ _ _ _ _\n\nself = <selenium.webdriver.remote.errorhandler.ErrorHandler object at 0x000001EBC1374B50>\nresponse = {'status': 404, 'value': '{\"value\":{\"error\":\"no such element\",\"message\":\"no such element: Unable to locate element: {\\...07FF7030868D4]\\\\n\\\\tBaseThreadInitThunk [0x00007FFF15E4257D+29]\\\\n\\\\tRtlUserThreadStart [0x00007FFF16EEAA58+40]\\\\n\"}}'}\n\n    def check_response(self, response: Dict[str, Any]) -> None:\n        \"\"\"Checks that a JSON response from the WebDriver does not have an\n        error.\n    \n        :Args:\n         - response - The JSON response from the WebDriver server as a dictionary\n           object.\n    \n        :Raises: If the response contains an error message.\n        \"\"\"\n        status = response.get(\"status\", None)\n        if not status or status == ErrorCode.SUCCESS:\n            return\n        value = None\n        message = response.get(\"message\", \"\")\n        screen: str = response.get(\"screen\", \"\")\n        stacktrace = None\n        if isinstance(status, int):\n            value_json = response.get(\"value\", None)\n            if value_json and isinstance(value_json, str):\n                import json\n    \n                try:\n                    value = json.loads(value_json)\n                    if len(value) == 1:\n                        value = value[\"value\"]\n                    status = value.get(\"error\", None)\n                    if not status:\n                        status = value.get(\"status\", ErrorCode.UNKNOWN_ERROR)\n                        message = value.get(\"value\") or value.get(\"message\")\n                        if not isinstance(message, str):\n                            value = message\n                            message = message.get(\"message\")\n                    else:\n                        message = value.get(\"message\", None)\n                except ValueError:\n                    pass\n    \n        exception_class: Type[WebDriverException]\n        e = ErrorCode()\n        error_codes = [item for item in dir(e) if not item.startswith(\"__\")]\n        for error_code in error_codes:\n            error_info = getattr(ErrorCode, error_code)\n            if isinstance(error_info, list) and status in error_info:\n                exception_class = getattr(ExceptionMapping, error_code, WebDriverException)\n                break\n        else:\n            exception_class = WebDriverException\n    \n        if not value:\n            value = response[\"value\"]\n        if isinstance(value, str):\n            raise exception_class(value)\n        if message == \"\" and \"message\" in value:\n            message = value[\"message\"]\n    \n        screen = None  # type: ignore[assignment]\n        if \"screen\" in value:\n            screen = value[\"screen\"]\n    \n        stacktrace = None\n        st_value = value.get(\"stackTrace\") or value.get(\"stacktrace\")\n        if st_value:\n            if isinstance(st_value, str):\n                stacktrace = st_value.split(\"\\n\")\n            else:\n                stacktrace = []\n                try:\n                    for frame in st_value:\n                        line = frame.get(\"lineNumber\", \"\")\n                        file = frame.get(\"fileName\", \"<anonymous>\")\n                        if line:\n                            file = f\"{file}:{line}\"\n                        meth = frame.get(\"methodName\", \"<anonymous>\")\n                        if \"className\" in frame:\n                            meth = f\"{frame['className']}.{meth}\"\n                        msg = \"    at %s (%s)\"\n                        msg = msg % (meth, file)\n                        stacktrace.append(msg)\n                except TypeError:\n                    pass\n        if exception_class == UnexpectedAlertPresentException:\n            alert_text = None\n            if \"data\" in value:\n                alert_text = value[\"data\"].get(\"text\")\n            elif \"alert\" in value:\n                alert_text = value[\"alert\"].get(\"text\")\n            raise exception_class(message, screen, stacktrace, alert_text)  # type: ignore[call-arg]  # mypy is not smart enough here\n>       raise exception_class(message, screen, stacktrace)\nE       selenium.common.exceptions.NoSuchElementException: Message: no such element: Unable to locate element: {\"method\":\"xpath\",\"selector\":\"/html/body/div/div/div/div[1]/div[2]/div/div/div/div/div/div[2]/div[2]/div/div/div[2]/div[2]/div/div/div/div[5]/label/div/div[2]\"}\nE         (Session info: chrome=122.0.6261.129); For documentation on this error, please visit: https://www.selenium.dev/documentation/webdriver/troubleshooting/errors#no-such-element-exception\nE       Stacktrace:\nE       \tGetHandleVerifier [0x00007FF70311AD02+56930]\nE       \t(No symbol) [0x00007FF70308F602]\nE       \t(No symbol) [0x00007FF702F442E5]\nE       \t(No symbol) [0x00007FF702F898ED]\nE       \t(No symbol) [0x00007FF702F89A2C]\nE       \t(No symbol) [0x00007FF702FCA967]\nE       \t(No symbol) [0x00007FF702FABCDF]\nE       \t(No symbol) [0x00007FF702FC81E2]\nE       \t(No symbol) [0x00007FF702FABA43]\nE       \t(No symbol) [0x00007FF702F7D438]\nE       \t(No symbol) [0x00007FF702F7E4D1]\nE       \tGetHandleVerifier [0x00007FF703496F8D+3711213]\nE       \tGetHandleVerifier [0x00007FF7034F04CD+4077101]\nE       \tGetHandleVerifier [0x00007FF7034E865F+4044735]\nE       \tGetHandleVerifier [0x00007FF7031B9736+706710]\nE       \t(No symbol) [0x00007FF70309B8DF]\nE       \t(No symbol) [0x00007FF703096AC4]\nE       \t(No symbol) [0x00007FF703096C1C]\nE       \t(No symbol) [0x00007FF7030868D4]\nE       \tBaseThreadInitThunk [0x00007FFF15E4257D+29]\nE       \tRtlUserThreadStart [0x00007FFF16EEAA58+40]\n\n.venv\\lib\\site-packages\\selenium\\webdriver\\remote\\errorhandler.py:229: NoSuchElementException"}, "start": 1710407707559, "stop": 1710407709634, "uuid": "7bca814c-85a9-4d1a-9825-8f42bd23f085", "historyId": "8a4345bbf02c7db3031f21985bca0910", "testCaseId": "8a4345bbf02c7db3031f21985bca0910", "fullName": "main#test_login", "labels": [{"name": "severity", "value": "normal"}, {"name": "suite", "value": "main"}, {"name": "host", "value": "ASUSA15"}, {"name": "thread", "value": "10132-MainThread"}, {"name": "framework", "value": "pytest"}, {"name": "language", "value": "cpython3"}, {"name": "package", "value": "main"}]}